[2024-08-22T13:12:51.741+0000] {local_task_job_runner.py:123} INFO - ::group::Pre task execution logs
[2024-08-22T13:12:51.755+0000] {taskinstance.py:2603} INFO - Dependencies all met for dep_context=non-requeueable deps ti=<TaskInstance: dag_diplomski_v2.scrape manual__2024-08-22T13:10:49.224243+00:00 [queued]>
[2024-08-22T13:12:51.761+0000] {taskinstance.py:2603} INFO - Dependencies all met for dep_context=requeueable deps ti=<TaskInstance: dag_diplomski_v2.scrape manual__2024-08-22T13:10:49.224243+00:00 [queued]>
[2024-08-22T13:12:51.762+0000] {taskinstance.py:2856} INFO - Starting attempt 2 of 6
[2024-08-22T13:12:51.773+0000] {taskinstance.py:2879} INFO - Executing <Task(_PythonDecoratedOperator): scrape> on 2024-08-22 13:10:49.224243+00:00
[2024-08-22T13:12:51.779+0000] {logging_mixin.py:190} WARNING - /home/***/.local/lib/python3.12/site-packages/***/task/task_runner/standard_task_runner.py:70 DeprecationWarning: This process (pid=444) is multi-threaded, use of fork() may lead to deadlocks in the child.
[2024-08-22T13:12:51.780+0000] {standard_task_runner.py:72} INFO - Started process 445 to run task
[2024-08-22T13:12:51.779+0000] {standard_task_runner.py:104} INFO - Running: ['***', 'tasks', 'run', 'dag_diplomski_v2', 'scrape', 'manual__2024-08-22T13:10:49.224243+00:00', '--job-id', '8', '--raw', '--subdir', 'DAGS_FOLDER/dag_news_scrape.py', '--cfg-path', '/tmp/tmp7c3bqbs6']
[2024-08-22T13:12:51.781+0000] {standard_task_runner.py:105} INFO - Job 8: Subtask scrape
[2024-08-22T13:12:51.819+0000] {task_command.py:467} INFO - Running <TaskInstance: dag_diplomski_v2.scrape manual__2024-08-22T13:10:49.224243+00:00 [running]> on host 99510a96e8ff
[2024-08-22T13:12:51.878+0000] {taskinstance.py:3122} INFO - Exporting env vars: AIRFLOW_CTX_DAG_OWNER='matea' AIRFLOW_CTX_DAG_ID='dag_diplomski_v2' AIRFLOW_CTX_TASK_ID='scrape' AIRFLOW_CTX_EXECUTION_DATE='2024-08-22T13:10:49.224243+00:00' AIRFLOW_CTX_TRY_NUMBER='2' AIRFLOW_CTX_DAG_RUN_ID='manual__2024-08-22T13:10:49.224243+00:00'
[2024-08-22T13:12:51.879+0000] {taskinstance.py:731} INFO - ::endgroup::
[2024-08-22T13:12:52.114+0000] {python.py:240} INFO - Done. Returned value was: b'<?xml version="1.0" encoding="UTF-8"?><rss xmlns:dc="http://purl.org/dc/elements/1.1/" xmlns:content="http://purl.org/rss/1.0/modules/content/" xmlns:atom="http://www.w3.org/2005/Atom" version="2.0" xmlns:media="http://search.yahoo.com/mrss/">\n    <channel>\n        <title><![CDATA[BBC News]]></title>\n        <description><![CDATA[BBC News - News Front Page]]></description>\n        <link>https://www.bbc.co.uk/news</link>\n        <image>\n            <url>https://news.bbcimg.co.uk/nol/shared/img/bbc_news_120x60.gif</url>\n            <title>BBC News</title>\n            <link>https://www.bbc.co.uk/news</link>\n        </image>\n        <generator>RSS for Node</generator>\n        <lastBuildDate>Thu, 22 Aug 2024 13:12:37 GMT</lastBuildDate>\n        <atom:link href="https://feeds.bbci.co.uk/news/rss.xml" rel="self" type="application/rss+xml"/>\n        <copyright><![CDATA[Copyright: (C) British Broadcasting Corporation, see https://www.bbc.co.uk/usingthebbc/terms-of-use/#15metadataandrssfeeds for terms and conditions of reuse.]]></copyright>\n        <language><![CDATA[en-gb]]></language>\n        <ttl>15</ttl>\n        <item>\n            <title><![CDATA[Storm Lilian: 80mph winds forecast for parts of the UK]]></title>\n            <description><![CDATA[Strong winds and heavy rain set to hit the UK on Friday morning which could cause some disruption]]></description>\n            <link>https://www.bbc.com/weather/articles/cje2yelp227o</link>\n            <guid isPermaLink="false">https://www.bbc.com/weather/articles/cje2yelp227o#0</guid>\n            <pubDate>Thu, 22 Aug 2024 10:35:31 GMT</pubDate>\n            <media:thumbnail width="240" height="135" url="https://ichef.bbci.co.uk/ace/standard/240/cpsprodpb/5e58/live/67ddf210-607a-11ef-b970-9f202720b57a.jpg"/>\n        </item>\n        <item>\n            <title><![CDATA[Hunt for two dogs suspected of killing man]]></title>\n            <description><![CDATA[Two dogs have been seized but two more American bulldog types are being sought by police.]]></description>\n            <link>https://www.bbc.com/news/articles/c80egr50vmmo</link>\n            <guid isPermaLink="false">https://www.bbc.com/news/articles/c80egr50vmmo#0</guid>\n            <pubDate>Thu, 22 Aug 2024 13:08:57 GMT</pubDate>\n            <media:thumbnail width="240" height="135" url="https://ichef.bbci.co.uk/ace/standard/240/cpsprodpb/f59a/live/8ede39a0-6085-11ef-a25b-91637a4fecda.png"/>\n        </item>\n        <item>\n            <title><![CDATA[Andrew Tate back in Romanian court as new charges emerge]]></title>\n            <description><![CDATA[Prosecutors seek to hold the controversial influencer longer as they investigate new allegations.]]></description>\n            <link>https://www.bbc.com/news/articles/clyglgy8j3eo</link>\n            <guid isPermaLink="false">https://www.bbc.com/news/articles/clyglgy8j3eo#0</guid>\n            <pubDate>Thu, 22 Aug 2024 12:59:18 GMT</pubDate>\n            <media:thumbnail width="240" height="135" url="https://ichef.bbci.co.uk/ace/standard/240/cpsprodpb/a4a6/live/0c3aa680-6082-11ef-8c32-f3c2bc7494c6.jpg"/>\n        </item>\n        <item>\n            <title><![CDATA[How worried should we be about mpox?]]></title>\n            <description><![CDATA[As a global emergency is declared over mpox, our health and science correspondent assesses the threat.]]></description>\n            <link>https://www.bbc.com/news/articles/c4glqzerw3no</link>\n            <guid isPermaLink="false">https://www.bbc.com/news/articles/c4glqzerw3no#0</guid>\n            <pubDate>Thu, 22 Aug 2024 01:23:31 GMT</pubDate>\n            <media:thumbnail width="240" height="135" url="https://ichef.bbci.co.uk/ace/standard/240/cpsprodpb/3db8/live/1b1c4660-6076-11ef-b43e-6916dcba5cbf.jpg"/>\n        </item>\n        <item>\n            <title><![CDATA[First drug to slow Alzheimer\xe2\x80\x99s too costly for NHS]]></title>\n            <description><![CDATA[Health assessment body NICE says the benefits \xe2\x80\x9care too small to justify the costs\xe2\x80\x9d.]]></description>\n            <link>https://www.bbc.com/news/articles/c75nry66y52o</link>\n            <guid isPermaLink="false">https://www.bbc.com/news/articles/c75nry66y52o#0</guid>\n            <pubDate>Thu, 22 Aug 2024 11:32:13 GMT</pubDate>\n            <media:thumbnail width="240" height="134" url="https://ichef.bbci.co.uk/ace/standard/240/cpsprodpb/41dd/live/b8a27050-5fd9-11ef-8b3a-855e585a4dd6.jpg"/>\n        </item>\n        <item>\n            <title><![CDATA[World\'s second-largest diamond found in Botswana]]></title>\n            <description><![CDATA[A 2,492-carat stone has been unearthed, in the biggest find since the Cullinan diamond in 1905. ]]></description>\n            <link>https://www.bbc.com/news/articles/c1w78rwlqvxo</link>\n            <guid isPermaLink="false">https://www.bbc.com/news/articles/c1w78rwlqvxo#0</guid>\n            <pubDate>Thu, 22 Aug 2024 11:11:00 GMT</pubDate>\n            <media:thumbnail width="240" height="134" url="https://ichef.bbci.co.uk/ace/standard/240/cpsprodpb/3c8b/live/1afcf830-606e-11ef-aea1-e764981585c4.jpg"/>\n        </item>\n        <item>\n            <title><![CDATA[Starbucks boss under fire for 1,000-mile commute by corporate jet]]></title>\n            <description><![CDATA[Job offer which allows new CEO to commute to and from work on corporate jet sparked criticism.]]></description>\n            <link>https://www.bbc.com/news/articles/c5y3e0ljnllo</link>\n            <guid isPermaLink="false">https://www.bbc.com/news/articles/c5y3e0ljnllo#0</guid>\n            <pubDate>Thu, 22 Aug 2024 12:05:57 GMT</pubDate>\n            <media:thumbnail width="240" height="135" url="https://ichef.bbci.co.uk/ace/standard/240/cpsprodpb/9743/live/49f502b0-6062-11ef-b3ab-d92ed8dd7357.jpg"/>\n        </item>\n        <item>\n            <title><![CDATA[Dad hacks database to fake death and avoid child support pay]]></title>\n            <description><![CDATA[The man, from Kentucky, has been jailed for what a judge in the US called his "cynical" actions.]]></description>\n            <link>https://www.bbc.com/news/articles/cgrj9r5qpego</link>\n            <guid isPermaLink="false">https://www.bbc.com/news/articles/cgrj9r5qpego#0</guid>\n            <pubDate>Thu, 22 Aug 2024 09:22:58 GMT</pubDate>\n            <media:thumbnail width="240" height="135" url="https://ichef.bbci.co.uk/ace/standard/240/cpsprodpb/596a/live/eb9d4ce0-6066-11ef-89d9-cf0afdbdfcb1.png"/>\n        </item>\n        <item>\n            <title><![CDATA[Conspiracy theorist grandad jailed over disorder]]></title>\n            <description><![CDATA[Grandfather Peter Lynch is sent to prison after taking placard to protest and shouting abuse.]]></description>\n            <link>https://www.bbc.com/news/articles/cy8x5x51l3vo</link>\n            <guid isPermaLink="false">https://www.bbc.com/news/articles/cy8x5x51l3vo#0</guid>\n            <pubDate>Thu, 22 Aug 2024 12:47:26 GMT</pubDate>\n            <media:thumbnail width="240" height="135" url="https://ichef.bbci.co.uk/ace/standard/240/cpsprodpb/17c7/live/9f8c0270-6083-11ef-a25b-91637a4fecda.jpg"/>\n        </item>\n        <item>\n            <title><![CDATA[One half of world-famous gay penguin couple dies]]></title>\n            <description><![CDATA[Sphen and his partner Magic shot to global stardom in 2018 when they fell in love at a Sydney aquarium.]]></description>\n            <link>https://www.bbc.com/news/articles/c1w78ylrq8jo</link>\n            <guid isPermaLink="false">https://www.bbc.com/news/articles/c1w78ylrq8jo#0</guid>\n            <pubDate>Thu, 22 Aug 2024 02:51:19 GMT</pubDate>\n            <media:thumbnail width="240" height="135" url="https://ichef.bbci.co.uk/ace/standard/240/cpsprodpb/cd32/live/91e2ae90-605a-11ef-b43e-6916dcba5cbf.jpg"/>\n        </item>\n        <item>\n            <title><![CDATA[As the GCSE pass rate falls, how to appeal or resit?]]></title>\n            <description><![CDATA[The GCSE pass rate is down for the third year running across England, Wales and Northern Ireland.]]></description>\n            <link>https://www.bbc.co.uk/news/education-53682466</link>\n            <guid isPermaLink="false">https://www.bbc.co.uk/news/education-53682466#1</guid>\n            <pubDate>Thu, 22 Aug 2024 09:56:33 GMT</pubDate>\n            <media:thumbnail width="240" height="135" url="https://ichef.bbci.co.uk/ace/standard/240/cpsprodpb/14B3A/production/_129649748_gcseresults.jpg"/>\n        </item>\n        <item>\n            <title><![CDATA[Data analyst, 42, finally gets maths GCSE]]></title>\n            <description><![CDATA[Mike Coles picked up his result from City of Portsmouth College, more than 20 years after failing it the first time.]]></description>\n            <link>https://www.bbc.com/news/articles/cqjlel1k1ljo</link>\n            <guid isPermaLink="false">https://www.bbc.com/news/articles/cqjlel1k1ljo#1</guid>\n            <pubDate>Thu, 22 Aug 2024 12:37:52 GMT</pubDate>\n            <media:thumbnail width="240" height="135" url="https://ichef.bbci.co.uk/ace/standard/240/cpsprodpb/3f89/live/06fd8070-607d-11ef-b970-9f202720b57a.jpg"/>\n        </item>\n        <item>\n            <title><![CDATA[Ukrainian who spoke no English celebrates GCSEs ]]></title>\n            <description><![CDATA[Roman\'s mum says she is proud of his achievements after they were displaced by war two years ago.]]></description>\n            <link>https://www.bbc.com/news/articles/c80ed02jy8eo</link>\n            <guid isPermaLink="false">https://www.bbc.com/news/articles/c80ed02jy8eo#1</guid>\n            <pubDate>Thu, 22 Aug 2024 12:45:16 GMT</pubDate>\n            <media:thumbnail width="240" height="135" url="https://ichef.bbci.co.uk/ace/standard/240/cpsprodpb/13df/live/e8a0c700-606c-11ef-aea1-e764981585c4.jpg"/>\n        </item>\n        <item>\n            <title><![CDATA[\'Don\'t panic\': What to do if you don\'t get the GCSE grades you want]]></title>\n            <description><![CDATA[BBC journalist Terel Edmunds goes through the options available if your GCSEs didn\'t go as planned.]]></description>\n            <link>https://www.bbc.com/news/videos/c39kdrw3m9no</link>\n            <guid isPermaLink="false">https://www.bbc.com/news/videos/c39kdrw3m9no#1</guid>\n            <pubDate>Thu, 22 Aug 2024 05:07:29 GMT</pubDate>\n            <media:thumbnail width="240" height="135" url="https://ichef.bbci.co.uk/ace/standard/240/cpsprodpb/e027/live/0db94320-6075-11ef-b43e-6916dcba5cbf.jpg"/>\n        </item>\n        <item>\n            <title><![CDATA[What is an apprenticeship and how do you get one?]]></title>\n            <description><![CDATA[Going to school, college or university five days a week is not the only way to get a qualification. ]]></description>\n            <link>https://www.bbc.com/news/articles/c51xenx7pvqo</link>\n            <guid isPermaLink="false">https://www.bbc.com/news/articles/c51xenx7pvqo#1</guid>\n            <pubDate>Thu, 22 Aug 2024 07:27:36 GMT</pubDate>\n            <media:thumbnail width="240" height="134" url="https://ichef.bbci.co.uk/ace/standard/240/cpsprodpb/760b/live/33e93600-177c-11ef-80aa-699d54c46324.jpg"/>\n        </item>\n        <item>\n            <title><![CDATA[\xe2\x80\x98I never worked for the Russians\xe2\x80\x99 - punished by Kyiv for being a collaborator]]></title>\n            <description><![CDATA[Almost 2,000 people have been convicted of collaborating with Russia under a new Ukrainian law.]]></description>\n            <link>https://www.bbc.com/news/articles/c0473y0p0ego</link>\n            <guid isPermaLink="false">https://www.bbc.com/news/articles/c0473y0p0ego#2</guid>\n            <pubDate>Thu, 22 Aug 2024 04:31:37 GMT</pubDate>\n            <media:thumbnail width="240" height="135" url="https://ichef.bbci.co.uk/ace/standard/240/cpsprodpb/1844/live/4c5d7830-6057-11ef-b43e-6916dcba5cbf.jpg"/>\n        </item>\n        <item>\n            <title><![CDATA[\'Coach Walz\' rallies Democrats with personal pitch to middle America]]></title>\n            <description><![CDATA[The running mate of Kamala Harris told the Democratic convention that voters should back "the right team" and "turn the page on Donald Trump".]]></description>\n            <link>https://www.bbc.com/news/articles/cd9dj4vdx2jo</link>\n            <guid isPermaLink="false">https://www.bbc.com/news/articles/cd9dj4vdx2jo#2</guid>\n            <pubDate>Thu, 22 Aug 2024 05:02:08 GMT</pubDate>\n            <media:thumbnail width="240" height="135" url="https://ichef.bbci.co.uk/ace/standard/240/cpsprodpb/6668/live/3c1d8b60-6064-11ef-8c32-f3c2bc7494c6.jpg"/>\n        </item>\n        <item>\n            <title><![CDATA[\xe2\x80\x98That little devil is filming\xe2\x80\x99: Director\xe2\x80\x99s time with the Taliban]]></title>\n            <description><![CDATA[Ibrahim Nash\xe2\x80\x99at succeeded in getting permission to film with the Taliban for a year. \n]]></description>\n            <link>https://www.bbc.com/news/articles/c0l81rykd55o</link>\n            <guid isPermaLink="false">https://www.bbc.com/news/articles/c0l81rykd55o#2</guid>\n            <pubDate>Thu, 22 Aug 2024 01:15:23 GMT</pubDate>\n            <media:thumbnail width="240" height="135" url="https://ichef.bbci.co.uk/ace/standard/240/cpsprodpb/9e3b/live/7953e2c0-5b1b-11ef-b2d2-cdb23d5d7c5b.jpg"/>\n        </item>\n        <item>\n            <title><![CDATA[GB athletes to follow in Paris Paralympics]]></title>\n            <description><![CDATA[Learn more about some of the British athletes hoping to impress at the Paris Paralympic Games.]]></description>\n            <link>https://www.bbc.com/sport/articles/cj62588x1dwo</link>\n            <guid isPermaLink="false">https://www.bbc.com/sport/articles/cj62588x1dwo#2</guid>\n            <pubDate>Thu, 22 Aug 2024 06:29:29 GMT</pubDate>\n            <media:thumbnail width="240" height="135" url="https://ichef.bbci.co.uk/ace/standard/240/cpsprodpb/ebbb/live/7aa5e4f0-604f-11ef-8c32-f3c2bc7494c6.jpg"/>\n        </item>\n        <item>\n            <title><![CDATA[Who benefits from Lesotho\xe2\x80\x99s \xe2\x80\x98white gold\xe2\x80\x99?]]></title>\n            <description><![CDATA[While Lesotho sells water to South Africa some near a huge dam have to use an unreliable spring. ]]></description>\n            <link>https://www.bbc.com/news/articles/c51yl79m0gzo</link>\n            <guid isPermaLink="false">https://www.bbc.com/news/articles/c51yl79m0gzo#2</guid>\n            <pubDate>Thu, 22 Aug 2024 01:27:33 GMT</pubDate>\n            <media:thumbnail width="240" height="135" url="https://ichef.bbci.co.uk/ace/standard/240/cpsprodpb/500c/live/1b8be500-605e-11ef-b970-9f202720b57a.jpg"/>\n        </item>\n        <item>\n            <title><![CDATA[Night three at the DNC: Oprah, \'cat ladies\' and coach Walz]]></title>\n            <description><![CDATA[The Democratic National Convention\'s third night in Chicago featured a folksy \'coach\' Tim Walz, Oprah Winfrey and a host of other big names.]]></description>\n            <link>https://www.bbc.com/news/articles/cj4xwkl2lewo</link>\n            <guid isPermaLink="false">https://www.bbc.com/news/articles/cj4xwkl2lewo#3</guid>\n            <pubDate>Thu, 22 Aug 2024 11:28:45 GMT</pubDate>\n            <media:thumbnail width="240" height="134" url="https://ichef.bbci.co.uk/ace/standard/240/cpsprodpb/ccae/live/b563a880-6067-11ef-b43e-6916dcba5cbf.jpg"/>\n        </item>\n        <item>\n            <title><![CDATA[\'That\xe2\x80\x99s my dad\': Gus Walz gives tearful reaction to father\'s speech]]></title>\n            <description><![CDATA[Tim Walz said it was the honour of his life to be selected as Kamala Harris\'s running mate, as he addressed crowds at the DNC.]]></description>\n            <link>https://www.bbc.com/news/videos/clyw7rwl7l2o</link>\n            <guid isPermaLink="false">https://www.bbc.com/news/videos/clyw7rwl7l2o#3</guid>\n            <pubDate>Thu, 22 Aug 2024 04:32:44 GMT</pubDate>\n            <media:thumbnail width="240" height="135" url="https://ichef.bbci.co.uk/ace/standard/240/cpsprodpb/0815/live/732987d0-604b-11ef-b970-9f202720b57a.jpg"/>\n        </item>\n        <item>\n            <title><![CDATA[Tim Walz: The ex-football coach and teacher who became Harris\'s VP pick]]></title>\n            <description><![CDATA[The Minnesota governor is a former public school teacher, National Guardsman and member of Congress.]]></description>\n            <link>https://www.bbc.com/news/articles/cleyjp5qldno</link>\n            <guid isPermaLink="false">https://www.bbc.com/news/articles/cleyjp5qldno#3</guid>\n            <pubDate>Thu, 22 Aug 2024 11:38:55 GMT</pubDate>\n            <media:thumbnail width="240" height="135" url="https://ichef.bbci.co.uk/ace/standard/240/cpsprodpb/65af/live/55287640-5332-11ef-8f0f-0577398c3339.png"/>\n        </item>\n        <item>\n            <title><![CDATA[Democrats try to turn tables on one of their biggest weaknesses]]></title>\n            <description><![CDATA[Democrats used the convention to try to flip the script on Republican criticism of their immigration policies.]]></description>\n            <link>https://www.bbc.com/news/articles/cn4738kvyvmo</link>\n            <guid isPermaLink="false">https://www.bbc.com/news/articles/cn4738kvyvmo#3</guid>\n            <pubDate>Thu, 22 Aug 2024 02:58:44 GMT</pubDate>\n            <media:thumbnail width="240" height="135" url="https://ichef.bbci.co.uk/ace/standard/240/cpsprodpb/95ee/live/4c4634c0-6059-11ef-b970-9f202720b57a.jpg"/>\n        </item>\n        <item>\n            <title><![CDATA[Drop in people coming to UK to work in NHS and social care]]></title>\n            <description><![CDATA[The decline comes after the former Conservative government introduced restrictions on foreign workers and their families in an effort to slash overall immigration.]]></description>\n            <link>https://www.bbc.com/news/articles/cn7l272pz0zo</link>\n            <guid isPermaLink="false">https://www.bbc.com/news/articles/cn7l272pz0zo#5</guid>\n            <pubDate>Thu, 22 Aug 2024 11:47:42 GMT</pubDate>\n            <media:thumbnail width="240" height="134" url="https://ichef.bbci.co.uk/ace/standard/240/cpsprodpb/648b/live/0d121890-6073-11ef-aea1-e764981585c4.jpg"/>\n        </item>\n        <item>\n            <title><![CDATA[Former footballer left toddler with brain damage]]></title>\n            <description><![CDATA[The two-year-old girl needs 24-hour care following the attack and has severe brain injuries.]]></description>\n            <link>https://www.bbc.com/news/articles/c7v5l0vdpnyo</link>\n            <guid isPermaLink="false">https://www.bbc.com/news/articles/c7v5l0vdpnyo#5</guid>\n            <pubDate>Thu, 22 Aug 2024 10:56:22 GMT</pubDate>\n            <media:thumbnail width="240" height="134" url="https://ichef.bbci.co.uk/ace/standard/240/cpsprodpb/0e2a/live/1bde7140-5fef-11ef-bc6c-3b9b357c3e28.jpg"/>\n        </item>\n        <item>\n            <title><![CDATA[Haunting Titanic newspaper article found in wardrobe]]></title>\n            <description><![CDATA[The 1912 newspaper shows two women in Southampton waiting for a list of survivors to be posted.]]></description>\n            <link>https://www.bbc.com/news/articles/cz9w31jdejxo</link>\n            <guid isPermaLink="false">https://www.bbc.com/news/articles/cz9w31jdejxo#5</guid>\n            <pubDate>Thu, 22 Aug 2024 05:14:59 GMT</pubDate>\n            <media:thumbnail width="240" height="135" url="https://ichef.bbci.co.uk/ace/standard/240/cpsprodpb/70cb/live/094fa480-5fd2-11ef-b07e-6f457908c890.jpg"/>\n        </item>\n        <item>\n            <title><![CDATA[Fake watermelons full of drugs fail to fool US agents]]></title>\n            <description><![CDATA[Two tonnes of methamphetamine disguised as fake fruit was found by officers on the US-Mexico border.]]></description>\n            <link>https://www.bbc.com/news/articles/c5ydjdzl74po</link>\n            <guid isPermaLink="false">https://www.bbc.com/news/articles/c5ydjdzl74po#5</guid>\n            <pubDate>Thu, 22 Aug 2024 12:21:02 GMT</pubDate>\n            <media:thumbnail width="240" height="134" url="https://ichef.bbci.co.uk/ace/standard/240/cpsprodpb/1000/live/f3f1d500-607f-11ef-9dfc-25a1efaeeef8.png"/>\n        </item>\n        <item>\n            <title><![CDATA[Idris Elba: I know what heartbreak feels like]]></title>\n            <description><![CDATA[New play Shifters tells the story of two young black people who meet again after years apart.]]></description>\n            <link>https://www.bbc.com/news/articles/crrl2gpy5rxo</link>\n            <guid isPermaLink="false">https://www.bbc.com/news/articles/crrl2gpy5rxo#5</guid>\n            <pubDate>Thu, 22 Aug 2024 09:08:12 GMT</pubDate>\n            <media:thumbnail width="240" height="134" url="https://ichef.bbci.co.uk/ace/standard/240/cpsprodpb/2deb/live/ad6bc4b0-6061-11ef-b3ab-d92ed8dd7357.jpg"/>\n        </item>\n        <item>\n            <title><![CDATA[Edinburgh backs introduction of new \'tourist tax\' ]]></title>\n            <description><![CDATA[Visitors would be charged an additional levy on top of their hotel bill to stay in the city if plans are approved. ]]></description>\n            <link>https://www.bbc.com/news/articles/c7v5l29q2dvo</link>\n            <guid isPermaLink="false">https://www.bbc.com/news/articles/c7v5l29q2dvo#5</guid>\n            <pubDate>Thu, 22 Aug 2024 12:14:36 GMT</pubDate>\n            <media:thumbnail width="240" height="135" url="https://ichef.bbci.co.uk/ace/standard/240/cpsprodpb/1d3b/live/5647e060-6061-11ef-b3ab-d92ed8dd7357.jpg"/>\n        </item>\n        <item>\n            <title><![CDATA[Ancient oaks compete for Tree of the Year]]></title>\n            <description><![CDATA[The public will vote for which of the trees will become the UK\'s favourite.]]></description>\n            <link>https://www.bbc.com/news/articles/ckgjy97kz2zo</link>\n            <guid isPermaLink="false">https://www.bbc.com/news/articles/ckgjy97kz2zo#5</guid>\n            <pubDate>Thu, 22 Aug 2024 05:12:20 GMT</pubDate>\n            <media:thumbnail width="240" height="135" url="https://ichef.bbci.co.uk/ace/standard/240/cpsprodpb/e71e/live/91b56060-6083-11ef-b711-11143104254e.jpg"/>\n        </item>\n        <item>\n            <title><![CDATA[Download now]]></title>\n            <description><![CDATA[Top stories, breaking news, live reporting, and follow news topics that match your interests]]></description>\n            <link>https://www.bbc.co.uk/news/10628994</link>\n            <guid isPermaLink="false">https://www.bbc.co.uk/news/10628994#6</guid>\n            <pubDate>Tue, 20 Aug 2024 11:35:33 GMT</pubDate>\n            <media:thumbnail width="240" height="135" url="https://ichef.bbci.co.uk/ace/standard/240/cpsprodpb/2cf6/live/d1e71250-9509-11ee-8df3-1d2983d8814f.png"/>\n        </item>\n        <item>\n            <title><![CDATA[Americast on how Democrats will use Hollywood stars in election]]></title>\n            <description><![CDATA[\xe2\x80\xa6and VP pick Tim Walz makes his pitch to America.]]></description>\n            <link>https://www.bbc.co.uk/sounds/play/p0jkxf4j</link>\n            <guid isPermaLink="false">https://www.bbc.co.uk/sounds/play/p0jkxf4j#7</guid>\n            <pubDate>Thu, 22 Aug 2024 06:57:00 GMT</pubDate>\n            <media:thumbnail width="240" height="135" url="https://ichef.bbci.co.uk/images/ic/240x135/p0jkxf53.jpg"/>\n        </item>\n        <item>\n            <title><![CDATA[Is life getting easier for renters?]]></title>\n            <description><![CDATA[Rents across the UK have soared in recent years. But new data shows that\'s changing.]]></description>\n            <link>https://www.bbc.co.uk/sounds/play/p0jkkb4z</link>\n            <guid isPermaLink="false">https://www.bbc.co.uk/sounds/play/p0jkkb4z#7</guid>\n            <pubDate>Wed, 21 Aug 2024 03:58:00 GMT</pubDate>\n            <media:thumbnail width="240" height="135" url="https://ichef.bbci.co.uk/images/ic/240x135/p0jkkb6n.jpg"/>\n        </item>\n        <item>\n            <title><![CDATA[Father\'s tough love made me player I am - Walker]]></title>\n            <description><![CDATA[England and Manchester City defender Kyle Walker says the tough love of his father made him an elite player.]]></description>\n            <link>https://www.bbc.com/sport/football/articles/c33n6ljy63zo</link>\n            <guid isPermaLink="false">https://www.bbc.com/sport/football/articles/c33n6ljy63zo#9</guid>\n            <pubDate>Thu, 22 Aug 2024 07:59:18 GMT</pubDate>\n            <media:thumbnail width="240" height="135" url="https://ichef.bbci.co.uk/ace/standard/240/cpsprodpb/f28e/live/de8b31c0-6002-11ef-91f3-df10ec137c5b.jpg"/>\n        </item>\n        <item>\n            <title><![CDATA[BBC Sport to show 2025 Women\'s Rugby World Cup]]></title>\n            <description><![CDATA[BBC Sport will have exclusive rights to broadcast every game of the 2025 Women\xe2\x80\x99s Rugby World Cup in England.]]></description>\n            <link>https://www.bbc.com/sport/rugby-union/articles/cy0rq18889po</link>\n            <guid isPermaLink="false">https://www.bbc.com/sport/rugby-union/articles/cy0rq18889po#9</guid>\n            <pubDate>Thu, 22 Aug 2024 09:00:12 GMT</pubDate>\n            <media:thumbnail width="240" height="134" url="https://ichef.bbci.co.uk/ace/standard/240/cpsprodpb/216c/live/f633bde0-5fff-11ef-b910-d9e853c76653.jpg"/>\n        </item>\n        <item>\n            <title><![CDATA[England lose Duckett for 18]]></title>\n            <description><![CDATA[Watch as England opener Ben Duckett is trapped lbw for 18 by Sri Lanka\'s Asitha Fernando following a rain delay on day two of the first Test at Old Trafford.  ]]></description>\n            <link>https://www.bbc.com/sport/cricket/videos/cvg5938y919o</link>\n            <guid isPermaLink="false">https://www.bbc.com/sport/cricket/videos/cvg5938y919o#9</guid>\n            <pubDate>Thu, 22 Aug 2024 12:56:45 GMT</pubDate>\n            <media:thumbnail width="240" height="135" url="https://ichef.bbci.co.uk/ace/standard/240/cpsprodpb/215b/live/5150e3e0-6084-11ef-b43e-6916dcba5cbf.jpg"/>\n        </item>\n        <item>\n            <title><![CDATA[Second arrest over delivery driver murder]]></title>\n            <description><![CDATA[A 24-year-old man is arrested on suspicion of murdering Claudiu-Carol Kondor in Leeds.]]></description>\n            <link>https://www.bbc.com/news/articles/cn5reg7vvkqo</link>\n            <guid isPermaLink="false">https://www.bbc.com/news/articles/cn5reg7vvkqo#10</guid>\n            <pubDate>Thu, 22 Aug 2024 11:20:12 GMT</pubDate>\n            <media:thumbnail width="240" height="135" url="https://ichef.bbci.co.uk/ace/standard/240/cpsprodpb/b81b/live/76305c30-606c-11ef-89d9-cf0afdbdfcb1.jpg"/>\n        </item>\n        <item>\n            <title><![CDATA[Fall in top NI GCSE grades compared to last year]]></title>\n            <description><![CDATA[As with A-level, the percentage of people receiving top GCSE grades in Northern Ireland in 2024 has fallen.]]></description>\n            <link>https://www.bbc.com/news/articles/c4gl870g74go</link>\n            <guid isPermaLink="false">https://www.bbc.com/news/articles/c4gl870g74go#10</guid>\n            <pubDate>Thu, 22 Aug 2024 11:06:43 GMT</pubDate>\n            <media:thumbnail width="240" height="134" url="https://ichef.bbci.co.uk/ace/standard/240/cpsprodpb/4b22/live/d1b69e50-606e-11ef-80e5-4fac1132bca6.jpg"/>\n        </item>\n        <item>\n            <title><![CDATA[Edinburgh backs introduction of new \'tourist tax\' ]]></title>\n            <description><![CDATA[Visitors would be charged an additional levy on top of their hotel bill to stay in the city if plans are approved. ]]></description>\n            <link>https://www.bbc.com/news/articles/c7v5l29q2dvo</link>\n            <guid isPermaLink="false">https://www.bbc.com/news/articles/c7v5l29q2dvo#10</guid>\n            <pubDate>Thu, 22 Aug 2024 12:14:36 GMT</pubDate>\n            <media:thumbnail width="240" height="135" url="https://ichef.bbci.co.uk/ace/standard/240/cpsprodpb/1d3b/live/5647e060-6061-11ef-b3ab-d92ed8dd7357.jpg"/>\n        </item>\n        <item>\n            <title><![CDATA[Woman, 70, in court over baby\'s crash death]]></title>\n            <description><![CDATA[Mabli Cariad Hall died in hospital four days after the crash outside Withybush Hospital.]]></description>\n            <link>https://www.bbc.com/news/articles/cm2nvm5jlleo</link>\n            <guid isPermaLink="false">https://www.bbc.com/news/articles/cm2nvm5jlleo#10</guid>\n            <pubDate>Thu, 22 Aug 2024 09:53:42 GMT</pubDate>\n            <media:thumbnail width="240" height="135" url="https://ichef.bbci.co.uk/ace/standard/240/cpsprodpb/84c7/live/21f99240-6057-11ef-b3ab-d92ed8dd7357.jpg"/>\n        </item>\n    </channel>\n</rss>'
[2024-08-22T13:12:52.127+0000] {xcom.py:690} ERROR - Object of type bytes is not JSON serializable. If you are using pickle instead of JSON for XCom, then you need to enable pickle support for XCom in your *** config or make sure to decorate your object with attr.
[2024-08-22T13:12:52.129+0000] {taskinstance.py:3301} ERROR - Task failed with exception
Traceback (most recent call last):
  File "/home/airflow/.local/lib/python3.12/site-packages/airflow/utils/json.py", line 92, in default
    return serialize(o)
           ^^^^^^^^^^^^
  File "/home/airflow/.local/lib/python3.12/site-packages/airflow/serialization/serde.py", line 190, in serialize
    raise TypeError(f"cannot serialize object of type {cls}")
TypeError: cannot serialize object of type <class 'bytes'>

During handling of the above exception, another exception occurred:

Traceback (most recent call last):
  File "/home/airflow/.local/lib/python3.12/site-packages/airflow/models/taskinstance.py", line 789, in _execute_task
    task_instance.xcom_push(key=XCOM_RETURN_KEY, value=xcom_value, session=session_or_null)
  File "/home/airflow/.local/lib/python3.12/site-packages/airflow/utils/session.py", line 94, in wrapper
    return func(*args, **kwargs)
           ^^^^^^^^^^^^^^^^^^^^^
  File "/home/airflow/.local/lib/python3.12/site-packages/airflow/models/taskinstance.py", line 3629, in xcom_push
    XCom.set(
  File "/home/airflow/.local/lib/python3.12/site-packages/airflow/api_internal/internal_api_call.py", line 139, in wrapper
    return func(*args, **kwargs)
           ^^^^^^^^^^^^^^^^^^^^^
  File "/home/airflow/.local/lib/python3.12/site-packages/airflow/utils/session.py", line 94, in wrapper
    return func(*args, **kwargs)
           ^^^^^^^^^^^^^^^^^^^^^
  File "/home/airflow/.local/lib/python3.12/site-packages/airflow/models/xcom.py", line 249, in set
    value = cls.serialize_value(
            ^^^^^^^^^^^^^^^^^^^^
  File "/home/airflow/.local/lib/python3.12/site-packages/airflow/models/xcom.py", line 688, in serialize_value
    return json.dumps(value, cls=XComEncoder).encode("UTF-8")
           ^^^^^^^^^^^^^^^^^^^^^^^^^^^^^^^^^^
  File "/usr/local/lib/python3.12/json/__init__.py", line 238, in dumps
    **kw).encode(obj)
          ^^^^^^^^^^^
  File "/home/airflow/.local/lib/python3.12/site-packages/airflow/utils/json.py", line 105, in encode
    return super().encode(o)
           ^^^^^^^^^^^^^^^^^
  File "/usr/local/lib/python3.12/json/encoder.py", line 200, in encode
    chunks = self.iterencode(o, _one_shot=True)
             ^^^^^^^^^^^^^^^^^^^^^^^^^^^^^^^^^^
  File "/usr/local/lib/python3.12/json/encoder.py", line 258, in iterencode
    return _iterencode(o, 0)
           ^^^^^^^^^^^^^^^^^
  File "/home/airflow/.local/lib/python3.12/site-packages/airflow/utils/json.py", line 94, in default
    return super().default(o)
           ^^^^^^^^^^^^^^^^^^
  File "/usr/local/lib/python3.12/json/encoder.py", line 180, in default
    raise TypeError(f'Object of type {o.__class__.__name__} '
TypeError: Object of type bytes is not JSON serializable
[2024-08-22T13:12:52.141+0000] {taskinstance.py:1225} INFO - Marking task as UP_FOR_RETRY. dag_id=dag_diplomski_v2, task_id=scrape, run_id=manual__2024-08-22T13:10:49.224243+00:00, execution_date=20240822T131049, start_date=20240822T131251, end_date=20240822T131252
[2024-08-22T13:12:52.286+0000] {taskinstance.py:340} INFO - ::group::Post task execution logs
[2024-08-22T13:12:52.287+0000] {standard_task_runner.py:124} ERROR - Failed to execute job 8 for task scrape (Object of type bytes is not JSON serializable; 445)
Traceback (most recent call last):
  File "/home/airflow/.local/lib/python3.12/site-packages/airflow/utils/json.py", line 92, in default
    return serialize(o)
           ^^^^^^^^^^^^
  File "/home/airflow/.local/lib/python3.12/site-packages/airflow/serialization/serde.py", line 190, in serialize
    raise TypeError(f"cannot serialize object of type {cls}")
TypeError: cannot serialize object of type <class 'bytes'>

During handling of the above exception, another exception occurred:

Traceback (most recent call last):
  File "/home/airflow/.local/lib/python3.12/site-packages/airflow/task/task_runner/standard_task_runner.py", line 117, in _start_by_fork
    ret = args.func(args, dag=self.dag)
          ^^^^^^^^^^^^^^^^^^^^^^^^^^^^^
  File "/home/airflow/.local/lib/python3.12/site-packages/airflow/cli/cli_config.py", line 49, in command
    return func(*args, **kwargs)
           ^^^^^^^^^^^^^^^^^^^^^
  File "/home/airflow/.local/lib/python3.12/site-packages/airflow/utils/cli.py", line 115, in wrapper
    return f(*args, **kwargs)
           ^^^^^^^^^^^^^^^^^^
  File "/home/airflow/.local/lib/python3.12/site-packages/airflow/cli/commands/task_command.py", line 483, in task_run
    task_return_code = _run_task_by_selected_method(args, _dag, ti)
                       ^^^^^^^^^^^^^^^^^^^^^^^^^^^^^^^^^^^^^^^^^^^^
  File "/home/airflow/.local/lib/python3.12/site-packages/airflow/cli/commands/task_command.py", line 256, in _run_task_by_selected_method
    return _run_raw_task(args, ti)
           ^^^^^^^^^^^^^^^^^^^^^^^
  File "/home/airflow/.local/lib/python3.12/site-packages/airflow/cli/commands/task_command.py", line 341, in _run_raw_task
    return ti._run_raw_task(
           ^^^^^^^^^^^^^^^^^
  File "/home/airflow/.local/lib/python3.12/site-packages/airflow/utils/session.py", line 97, in wrapper
    return func(*args, session=session, **kwargs)
           ^^^^^^^^^^^^^^^^^^^^^^^^^^^^^^^^^^^^^^
  File "/home/airflow/.local/lib/python3.12/site-packages/airflow/models/taskinstance.py", line 2995, in _run_raw_task
    return _run_raw_task(
           ^^^^^^^^^^^^^^
  File "/home/airflow/.local/lib/python3.12/site-packages/airflow/models/taskinstance.py", line 273, in _run_raw_task
    TaskInstance._execute_task_with_callbacks(
  File "/home/airflow/.local/lib/python3.12/site-packages/airflow/models/taskinstance.py", line 3149, in _execute_task_with_callbacks
    result = self._execute_task(context, task_orig)
             ^^^^^^^^^^^^^^^^^^^^^^^^^^^^^^^^^^^^^^
  File "/home/airflow/.local/lib/python3.12/site-packages/airflow/models/taskinstance.py", line 3173, in _execute_task
    return _execute_task(self, context, task_orig)
           ^^^^^^^^^^^^^^^^^^^^^^^^^^^^^^^^^^^^^^^
  File "/home/airflow/.local/lib/python3.12/site-packages/airflow/models/taskinstance.py", line 789, in _execute_task
    task_instance.xcom_push(key=XCOM_RETURN_KEY, value=xcom_value, session=session_or_null)
  File "/home/airflow/.local/lib/python3.12/site-packages/airflow/utils/session.py", line 94, in wrapper
    return func(*args, **kwargs)
           ^^^^^^^^^^^^^^^^^^^^^
  File "/home/airflow/.local/lib/python3.12/site-packages/airflow/models/taskinstance.py", line 3629, in xcom_push
    XCom.set(
  File "/home/airflow/.local/lib/python3.12/site-packages/airflow/api_internal/internal_api_call.py", line 139, in wrapper
    return func(*args, **kwargs)
           ^^^^^^^^^^^^^^^^^^^^^
  File "/home/airflow/.local/lib/python3.12/site-packages/airflow/utils/session.py", line 94, in wrapper
    return func(*args, **kwargs)
           ^^^^^^^^^^^^^^^^^^^^^
  File "/home/airflow/.local/lib/python3.12/site-packages/airflow/models/xcom.py", line 249, in set
    value = cls.serialize_value(
            ^^^^^^^^^^^^^^^^^^^^
  File "/home/airflow/.local/lib/python3.12/site-packages/airflow/models/xcom.py", line 688, in serialize_value
    return json.dumps(value, cls=XComEncoder).encode("UTF-8")
           ^^^^^^^^^^^^^^^^^^^^^^^^^^^^^^^^^^
  File "/usr/local/lib/python3.12/json/__init__.py", line 238, in dumps
    **kw).encode(obj)
          ^^^^^^^^^^^
  File "/home/airflow/.local/lib/python3.12/site-packages/airflow/utils/json.py", line 105, in encode
    return super().encode(o)
           ^^^^^^^^^^^^^^^^^
  File "/usr/local/lib/python3.12/json/encoder.py", line 200, in encode
    chunks = self.iterencode(o, _one_shot=True)
             ^^^^^^^^^^^^^^^^^^^^^^^^^^^^^^^^^^
  File "/usr/local/lib/python3.12/json/encoder.py", line 258, in iterencode
    return _iterencode(o, 0)
           ^^^^^^^^^^^^^^^^^
  File "/home/airflow/.local/lib/python3.12/site-packages/airflow/utils/json.py", line 94, in default
    return super().default(o)
           ^^^^^^^^^^^^^^^^^^
  File "/usr/local/lib/python3.12/json/encoder.py", line 180, in default
    raise TypeError(f'Object of type {o.__class__.__name__} '
TypeError: Object of type bytes is not JSON serializable
[2024-08-22T13:12:52.334+0000] {local_task_job_runner.py:261} INFO - Task exited with return code 1
[2024-08-22T13:12:52.358+0000] {taskinstance.py:3891} INFO - 0 downstream tasks scheduled from follow-on schedule check
[2024-08-22T13:12:52.359+0000] {local_task_job_runner.py:240} INFO - ::endgroup::
